mode: atomic
/home/diako/projects/numberprinter/kuconverter.go:10.49,12.14 2 19
/home/diako/projects/numberprinter/kuconverter.go:17.2,18.14 2 18
/home/diako/projects/numberprinter/kuconverter.go:29.2,31.8 2 18
/home/diako/projects/numberprinter/kuconverter.go:12.14,15.3 2 1
/home/diako/projects/numberprinter/kuconverter.go:18.14,22.19 4 30
/home/diako/projects/numberprinter/kuconverter.go:25.3,25.6 1 30
/home/diako/projects/numberprinter/kuconverter.go:22.19,24.4 1 25
/home/diako/projects/numberprinter/kuconverter.go:34.42,35.14 1 30
/home/diako/projects/numberprinter/kuconverter.go:39.2,40.14 2 25
/home/diako/projects/numberprinter/kuconverter.go:50.2,51.14 2 25
/home/diako/projects/numberprinter/kuconverter.go:60.2,65.23 3 25
/home/diako/projects/numberprinter/kuconverter.go:71.2,101.25 29 25
/home/diako/projects/numberprinter/kuconverter.go:108.2,110.8 2 25
/home/diako/projects/numberprinter/kuconverter.go:35.14,37.3 1 5
/home/diako/projects/numberprinter/kuconverter.go:40.14,48.3 4 8
/home/diako/projects/numberprinter/kuconverter.go:51.14,58.3 3 9
/home/diako/projects/numberprinter/kuconverter.go:65.23,67.3 1 8
/home/diako/projects/numberprinter/kuconverter.go:101.25,102.17 1 41
/home/diako/projects/numberprinter/kuconverter.go:105.3,105.44 1 38
/home/diako/projects/numberprinter/kuconverter.go:102.17,103.12 1 3
/home/diako/projects/numberprinter/enconverter.go:4.49,5.14 1 19
/home/diako/projects/numberprinter/enconverter.go:10.2,13.14 3 18
/home/diako/projects/numberprinter/enconverter.go:24.2,26.8 2 18
/home/diako/projects/numberprinter/enconverter.go:5.14,8.3 2 1
/home/diako/projects/numberprinter/enconverter.go:13.14,17.19 4 30
/home/diako/projects/numberprinter/enconverter.go:20.3,20.6 1 30
/home/diako/projects/numberprinter/enconverter.go:17.19,19.4 1 25
/home/diako/projects/numberprinter/enconverter.go:29.42,30.14 1 30
/home/diako/projects/numberprinter/enconverter.go:34.2,35.14 2 25
/home/diako/projects/numberprinter/enconverter.go:45.2,46.14 2 25
/home/diako/projects/numberprinter/enconverter.go:55.2,60.23 3 25
/home/diako/projects/numberprinter/enconverter.go:66.2,96.25 29 25
/home/diako/projects/numberprinter/enconverter.go:103.2,105.8 2 25
/home/diako/projects/numberprinter/enconverter.go:30.14,32.3 1 5
/home/diako/projects/numberprinter/enconverter.go:35.14,43.3 4 8
/home/diako/projects/numberprinter/enconverter.go:46.14,53.3 3 9
/home/diako/projects/numberprinter/enconverter.go:60.23,62.3 1 8
/home/diako/projects/numberprinter/enconverter.go:96.25,97.17 1 41
/home/diako/projects/numberprinter/enconverter.go:100.3,100.45 1 38
/home/diako/projects/numberprinter/enconverter.go:97.17,98.12 1 3
